<?xml version="1.0" encoding="UTF-8"?>
<!-- Generated by org.testng.reporters.JUnitXMLReporter -->
<testsuite ignored="0" hostname="DESKTOP-SFNF56E" failures="0" tests="5" name="Test" time="6.445" errors="0" timestamp="2024-04-01T13:09:47 IST">
  <testcase classname="com.TLDashbaord.TL_1_Api_to_login_in_fleet_app_existing_api" name="Login_API" time="3.546"/>
  <testcase classname="com.TLDashbaord.TL_2_data_about_tl_above_the_table" name="data_about_tl_above_the_table" time="0.103"/>
  <testcase classname="com.TLDashbaord.TL_3_api_for_table_of_drivers_under_a_tl" name="api_for_table_of_drivers_under_a_tl" time="2.605"/>
  <testcase classname="com.TLDashbaord.TL_4_api_for_leader_board" name="api_for_leader_board" time="0.077"/>
  <testcase classname="com.TLDashbaord.TL_5_api_for_earning_criteria" name="api_for_earning_criteria" time="0.071"/>
</testsuite> <!-- Test -->
