<?xml version="1.0" encoding="UTF-8"?>
<testng-results ignored="0" total="1" passed="1" failed="0" skipped="0">
  <reporter-output>
  </reporter-output>
  <suite started-at="2024-04-15T18:36:29 IST" name="Default suite" finished-at="2024-04-15T18:36:34 IST" duration-ms="4280">
    <groups>
    </groups>
    <test started-at="2024-04-15T18:36:29 IST" name="Default test" finished-at="2024-04-15T18:36:34 IST" duration-ms="4280">
      <class name="com.Aadhar_Pan_DL_OCR.Dl_Ocr_API">
        <test-method signature="Dl_Ocr_Front()[pri:1, instance:com.Aadhar_Pan_DL_OCR.Dl_Ocr_API@3de8f619]" started-at="2024-04-15T18:36:29 IST" name="Dl_Ocr_Front" finished-at="2024-04-15T18:36:34 IST" duration-ms="4238" status="PASS">
          <reporter-output>
          </reporter-output>
        </test-method> <!-- Dl_Ocr_Front -->
      </class> <!-- com.Aadhar_Pan_DL_OCR.Dl_Ocr_API -->
    </test> <!-- Default test -->
  </suite> <!-- Default suite -->
</testng-results>
